Detecting C [-std=c11] compiler features failed to compile with the following output:
Change Dir: /ccc/scratch/cont003/mds/guerouda/DASK_PHD_FIN/E4_P8_W4_D128_D2022-12-13_10:37:38/CMakeFiles/CMakeTmp

Run Build Command:"/usr/bin/gmake" "cmTC_6e862/fast"
/usr/bin/gmake -f CMakeFiles/cmTC_6e862.dir/build.make CMakeFiles/cmTC_6e862.dir/build
gmake[1]: Entering directory `/ccc/scratch/cont003/mds/guerouda/DASK_PHD_FIN/E4_P8_W4_D128_D2022-12-13_10:37:38/CMakeFiles/CMakeTmp'
CMakeFiles/cmTC_6e862.dir/build.make:64: *** target pattern contains no `%'.  Stop.
gmake[1]: Leaving directory `/ccc/scratch/cont003/mds/guerouda/DASK_PHD_FIN/E4_P8_W4_D128_D2022-12-13_10:37:38/CMakeFiles/CMakeTmp'
gmake: *** [cmTC_6e862/fast] Error 2



Detecting CXX [-std=c++2a] compiler features failed to compile with the following output:
Change Dir: /ccc/scratch/cont003/mds/guerouda/DASK_PHD_FIN/E4_P8_W4_D128_D2022-12-13_10:37:38/CMakeFiles/CMakeTmp

Run Build Command:"/usr/bin/gmake" "cmTC_7527b/fast"
/usr/bin/gmake -f CMakeFiles/cmTC_7527b.dir/build.make CMakeFiles/cmTC_7527b.dir/build
gmake[1]: Entering directory `/ccc/scratch/cont003/mds/guerouda/DASK_PHD_FIN/E4_P8_W4_D128_D2022-12-13_10:37:38/CMakeFiles/CMakeTmp'
CMakeFiles/cmTC_7527b.dir/build.make:64: *** target pattern contains no `%'.  Stop.
gmake[1]: Leaving directory `/ccc/scratch/cont003/mds/guerouda/DASK_PHD_FIN/E4_P8_W4_D128_D2022-12-13_10:37:38/CMakeFiles/CMakeTmp'
gmake: *** [cmTC_7527b/fast] Error 2



Determining if the pthread_create exist failed with the following output:
Change Dir: /ccc/scratch/cont003/mds/guerouda/DASK_PHD_FIN/E4_P8_W4_D128_D2022-12-13_10:37:38/CMakeFiles/CMakeTmp

Run Build Command:"/usr/bin/gmake" "cmTC_6ca8f/fast"
/usr/bin/gmake -f CMakeFiles/cmTC_6ca8f.dir/build.make CMakeFiles/cmTC_6ca8f.dir/build
gmake[1]: Entering directory `/ccc/scratch/cont003/mds/guerouda/DASK_PHD_FIN/E4_P8_W4_D128_D2022-12-13_10:37:38/CMakeFiles/CMakeTmp'
Building C object CMakeFiles/cmTC_6ca8f.dir/CheckSymbolExists.c.o
/ccc/products/gcc-9.3.0/system/default/bin/gcc    -o CMakeFiles/cmTC_6ca8f.dir/CheckSymbolExists.c.o   -c /ccc/scratch/cont003/mds/guerouda/DASK_PHD_FIN/E4_P8_W4_D128_D2022-12-13_10:37:38/CMakeFiles/CMakeTmp/CheckSymbolExists.c
Linking C executable cmTC_6ca8f
/ccc/products2/cmake-3.13.3/Atos_7__x86_64/system/default/bin/cmake -E cmake_link_script CMakeFiles/cmTC_6ca8f.dir/link.txt --verbose=1
/ccc/products/gcc-9.3.0/system/default/bin/gcc      CMakeFiles/cmTC_6ca8f.dir/CheckSymbolExists.c.o  -o cmTC_6ca8f 
CMakeFiles/cmTC_6ca8f.dir/CheckSymbolExists.c.o:CheckSymbolExists.c:function main: error: undefined reference to 'pthread_create'
collect2: error: ld returned 1 exit status
gmake[1]: *** [cmTC_6ca8f] Error 1
gmake[1]: Leaving directory `/ccc/scratch/cont003/mds/guerouda/DASK_PHD_FIN/E4_P8_W4_D128_D2022-12-13_10:37:38/CMakeFiles/CMakeTmp'
gmake: *** [cmTC_6ca8f/fast] Error 2

File /ccc/scratch/cont003/mds/guerouda/DASK_PHD_FIN/E4_P8_W4_D128_D2022-12-13_10:37:38/CMakeFiles/CMakeTmp/CheckSymbolExists.c:
/* */
#include <pthread.h>

int main(int argc, char** argv)
{
  (void)argv;
#ifndef pthread_create
  return ((int*)(&pthread_create))[argc];
#else
  (void)argc;
  return 0;
#endif
}

Determining if the function pthread_create exists in the pthreads failed with the following output:
Change Dir: /ccc/scratch/cont003/mds/guerouda/DASK_PHD_FIN/E4_P8_W4_D128_D2022-12-13_10:37:38/CMakeFiles/CMakeTmp

Run Build Command:"/usr/bin/gmake" "cmTC_da933/fast"
/usr/bin/gmake -f CMakeFiles/cmTC_da933.dir/build.make CMakeFiles/cmTC_da933.dir/build
gmake[1]: Entering directory `/ccc/scratch/cont003/mds/guerouda/DASK_PHD_FIN/E4_P8_W4_D128_D2022-12-13_10:37:38/CMakeFiles/CMakeTmp'
Building C object CMakeFiles/cmTC_da933.dir/CheckFunctionExists.c.o
/ccc/products/gcc-9.3.0/system/default/bin/gcc   -DCHECK_FUNCTION_EXISTS=pthread_create   -o CMakeFiles/cmTC_da933.dir/CheckFunctionExists.c.o   -c /ccc/products2/cmake-3.13.3/Atos_7__x86_64/system/default/share/cmake-3.13/Modules/CheckFunctionExists.c
Linking C executable cmTC_da933
/ccc/products2/cmake-3.13.3/Atos_7__x86_64/system/default/bin/cmake -E cmake_link_script CMakeFiles/cmTC_da933.dir/link.txt --verbose=1
/ccc/products/gcc-9.3.0/system/default/bin/gcc  -DCHECK_FUNCTION_EXISTS=pthread_create    CMakeFiles/cmTC_da933.dir/CheckFunctionExists.c.o  -o cmTC_da933 -lpthreads 
/ccc/work/cont003/gen2224/gen2224/spack/var/spack/environments/gysela-deisa-irene-skl-draft/.spack-env/view/bin/ld.gold: error: cannot find -lpthreads
CMakeFiles/cmTC_da933.dir/CheckFunctionExists.c.o:CheckFunctionExists.c:function main: error: undefined reference to 'pthread_create'
collect2: error: ld returned 1 exit status
gmake[1]: *** [cmTC_da933] Error 1
gmake[1]: Leaving directory `/ccc/scratch/cont003/mds/guerouda/DASK_PHD_FIN/E4_P8_W4_D128_D2022-12-13_10:37:38/CMakeFiles/CMakeTmp'
gmake: *** [cmTC_da933/fast] Error 2


