Detecting C [-std=c11] compiler features failed to compile with the following output:
Change Dir: /ccc/work/cont003/mds/guerouda/deisa_v1/DEISA1_PHD_IPCA_FIN/E2/P16_W8_D128_D2022-12-13_13:53:00/CMakeFiles/CMakeTmp

Run Build Command:"/usr/bin/gmake" "cmTC_28341/fast"
/usr/bin/gmake -f CMakeFiles/cmTC_28341.dir/build.make CMakeFiles/cmTC_28341.dir/build
gmake[1]: Entering directory `/ccc/work/cont003/mds/guerouda/deisa_v1/DEISA1_PHD_IPCA_FIN/E2/P16_W8_D128_D2022-12-13_13:53:00/CMakeFiles/CMakeTmp'
CMakeFiles/cmTC_28341.dir/build.make:64: *** target pattern contains no `%'.  Stop.
gmake[1]: Leaving directory `/ccc/work/cont003/mds/guerouda/deisa_v1/DEISA1_PHD_IPCA_FIN/E2/P16_W8_D128_D2022-12-13_13:53:00/CMakeFiles/CMakeTmp'
gmake: *** [cmTC_28341/fast] Error 2



Detecting CXX [-std=c++2a] compiler features failed to compile with the following output:
Change Dir: /ccc/work/cont003/mds/guerouda/deisa_v1/DEISA1_PHD_IPCA_FIN/E2/P16_W8_D128_D2022-12-13_13:53:00/CMakeFiles/CMakeTmp

Run Build Command:"/usr/bin/gmake" "cmTC_6155b/fast"
/usr/bin/gmake -f CMakeFiles/cmTC_6155b.dir/build.make CMakeFiles/cmTC_6155b.dir/build
gmake[1]: Entering directory `/ccc/work/cont003/mds/guerouda/deisa_v1/DEISA1_PHD_IPCA_FIN/E2/P16_W8_D128_D2022-12-13_13:53:00/CMakeFiles/CMakeTmp'
CMakeFiles/cmTC_6155b.dir/build.make:64: *** target pattern contains no `%'.  Stop.
gmake[1]: Leaving directory `/ccc/work/cont003/mds/guerouda/deisa_v1/DEISA1_PHD_IPCA_FIN/E2/P16_W8_D128_D2022-12-13_13:53:00/CMakeFiles/CMakeTmp'
gmake: *** [cmTC_6155b/fast] Error 2



Determining if the pthread_create exist failed with the following output:
Change Dir: /ccc/work/cont003/mds/guerouda/deisa_v1/DEISA1_PHD_IPCA_FIN/E2/P16_W8_D128_D2022-12-13_13:53:00/CMakeFiles/CMakeTmp

Run Build Command:"/usr/bin/gmake" "cmTC_55c27/fast"
/usr/bin/gmake -f CMakeFiles/cmTC_55c27.dir/build.make CMakeFiles/cmTC_55c27.dir/build
gmake[1]: Entering directory `/ccc/work/cont003/mds/guerouda/deisa_v1/DEISA1_PHD_IPCA_FIN/E2/P16_W8_D128_D2022-12-13_13:53:00/CMakeFiles/CMakeTmp'
Building C object CMakeFiles/cmTC_55c27.dir/CheckSymbolExists.c.o
/ccc/products/gcc-9.3.0/system/default/bin/gcc    -o CMakeFiles/cmTC_55c27.dir/CheckSymbolExists.c.o   -c /ccc/work/cont003/mds/guerouda/deisa_v1/DEISA1_PHD_IPCA_FIN/E2/P16_W8_D128_D2022-12-13_13:53:00/CMakeFiles/CMakeTmp/CheckSymbolExists.c
Linking C executable cmTC_55c27
/ccc/products2/cmake-3.13.3/Atos_7__x86_64/system/default/bin/cmake -E cmake_link_script CMakeFiles/cmTC_55c27.dir/link.txt --verbose=1
/ccc/products/gcc-9.3.0/system/default/bin/gcc      CMakeFiles/cmTC_55c27.dir/CheckSymbolExists.c.o  -o cmTC_55c27 
CMakeFiles/cmTC_55c27.dir/CheckSymbolExists.c.o:CheckSymbolExists.c:function main: error: undefined reference to 'pthread_create'
collect2: error: ld returned 1 exit status
gmake[1]: *** [cmTC_55c27] Error 1
gmake[1]: Leaving directory `/ccc/work/cont003/mds/guerouda/deisa_v1/DEISA1_PHD_IPCA_FIN/E2/P16_W8_D128_D2022-12-13_13:53:00/CMakeFiles/CMakeTmp'
gmake: *** [cmTC_55c27/fast] Error 2

File /ccc/work/cont003/mds/guerouda/deisa_v1/DEISA1_PHD_IPCA_FIN/E2/P16_W8_D128_D2022-12-13_13:53:00/CMakeFiles/CMakeTmp/CheckSymbolExists.c:
/* */
#include <pthread.h>

int main(int argc, char** argv)
{
  (void)argv;
#ifndef pthread_create
  return ((int*)(&pthread_create))[argc];
#else
  (void)argc;
  return 0;
#endif
}

Determining if the function pthread_create exists in the pthreads failed with the following output:
Change Dir: /ccc/work/cont003/mds/guerouda/deisa_v1/DEISA1_PHD_IPCA_FIN/E2/P16_W8_D128_D2022-12-13_13:53:00/CMakeFiles/CMakeTmp

Run Build Command:"/usr/bin/gmake" "cmTC_ba8c4/fast"
/usr/bin/gmake -f CMakeFiles/cmTC_ba8c4.dir/build.make CMakeFiles/cmTC_ba8c4.dir/build
gmake[1]: Entering directory `/ccc/work/cont003/mds/guerouda/deisa_v1/DEISA1_PHD_IPCA_FIN/E2/P16_W8_D128_D2022-12-13_13:53:00/CMakeFiles/CMakeTmp'
Building C object CMakeFiles/cmTC_ba8c4.dir/CheckFunctionExists.c.o
/ccc/products/gcc-9.3.0/system/default/bin/gcc   -DCHECK_FUNCTION_EXISTS=pthread_create   -o CMakeFiles/cmTC_ba8c4.dir/CheckFunctionExists.c.o   -c /ccc/products2/cmake-3.13.3/Atos_7__x86_64/system/default/share/cmake-3.13/Modules/CheckFunctionExists.c
Linking C executable cmTC_ba8c4
/ccc/products2/cmake-3.13.3/Atos_7__x86_64/system/default/bin/cmake -E cmake_link_script CMakeFiles/cmTC_ba8c4.dir/link.txt --verbose=1
/ccc/products/gcc-9.3.0/system/default/bin/gcc  -DCHECK_FUNCTION_EXISTS=pthread_create    CMakeFiles/cmTC_ba8c4.dir/CheckFunctionExists.c.o  -o cmTC_ba8c4 -lpthreads 
/ccc/work/cont003/gen2224/gen2224/spack/var/spack/environments/gysela-deisa-irene-skl-draft/.spack-env/view/bin/ld.gold: error: cannot find -lpthreads
CMakeFiles/cmTC_ba8c4.dir/CheckFunctionExists.c.o:CheckFunctionExists.c:function main: error: undefined reference to 'pthread_create'
collect2: error: ld returned 1 exit status
gmake[1]: *** [cmTC_ba8c4] Error 1
gmake[1]: Leaving directory `/ccc/work/cont003/mds/guerouda/deisa_v1/DEISA1_PHD_IPCA_FIN/E2/P16_W8_D128_D2022-12-13_13:53:00/CMakeFiles/CMakeTmp'
gmake: *** [cmTC_ba8c4/fast] Error 2


