Detecting C [-std=c11] compiler features failed to compile with the following output:
Change Dir: /ccc/work/cont003/mds/guerouda/deisa_v3/DEISA_PHD_FIN/E2/P64_W32_D1_D2022-12-12_14:51:21/CMakeFiles/CMakeTmp

Run Build Command:"/usr/bin/gmake" "cmTC_21e7a/fast"
/usr/bin/gmake -f CMakeFiles/cmTC_21e7a.dir/build.make CMakeFiles/cmTC_21e7a.dir/build
gmake[1]: Entering directory `/ccc/work/cont003/mds/guerouda/deisa_v3/DEISA_PHD_FIN/E2/P64_W32_D1_D2022-12-12_14:51:21/CMakeFiles/CMakeTmp'
CMakeFiles/cmTC_21e7a.dir/build.make:64: *** target pattern contains no `%'.  Stop.
gmake[1]: Leaving directory `/ccc/work/cont003/mds/guerouda/deisa_v3/DEISA_PHD_FIN/E2/P64_W32_D1_D2022-12-12_14:51:21/CMakeFiles/CMakeTmp'
gmake: *** [cmTC_21e7a/fast] Error 2



Detecting CXX [-std=c++2a] compiler features failed to compile with the following output:
Change Dir: /ccc/work/cont003/mds/guerouda/deisa_v3/DEISA_PHD_FIN/E2/P64_W32_D1_D2022-12-12_14:51:21/CMakeFiles/CMakeTmp

Run Build Command:"/usr/bin/gmake" "cmTC_78b58/fast"
/usr/bin/gmake -f CMakeFiles/cmTC_78b58.dir/build.make CMakeFiles/cmTC_78b58.dir/build
gmake[1]: Entering directory `/ccc/work/cont003/mds/guerouda/deisa_v3/DEISA_PHD_FIN/E2/P64_W32_D1_D2022-12-12_14:51:21/CMakeFiles/CMakeTmp'
CMakeFiles/cmTC_78b58.dir/build.make:64: *** target pattern contains no `%'.  Stop.
gmake[1]: Leaving directory `/ccc/work/cont003/mds/guerouda/deisa_v3/DEISA_PHD_FIN/E2/P64_W32_D1_D2022-12-12_14:51:21/CMakeFiles/CMakeTmp'
gmake: *** [cmTC_78b58/fast] Error 2



Determining if the pthread_create exist failed with the following output:
Change Dir: /ccc/work/cont003/mds/guerouda/deisa_v3/DEISA_PHD_FIN/E2/P64_W32_D1_D2022-12-12_14:51:21/CMakeFiles/CMakeTmp

Run Build Command:"/usr/bin/gmake" "cmTC_31efd/fast"
/usr/bin/gmake -f CMakeFiles/cmTC_31efd.dir/build.make CMakeFiles/cmTC_31efd.dir/build
gmake[1]: Entering directory `/ccc/work/cont003/mds/guerouda/deisa_v3/DEISA_PHD_FIN/E2/P64_W32_D1_D2022-12-12_14:51:21/CMakeFiles/CMakeTmp'
Building C object CMakeFiles/cmTC_31efd.dir/CheckSymbolExists.c.o
/ccc/products/gcc-9.3.0/system/default/bin/gcc    -o CMakeFiles/cmTC_31efd.dir/CheckSymbolExists.c.o   -c /ccc/work/cont003/mds/guerouda/deisa_v3/DEISA_PHD_FIN/E2/P64_W32_D1_D2022-12-12_14:51:21/CMakeFiles/CMakeTmp/CheckSymbolExists.c
Linking C executable cmTC_31efd
/ccc/products2/cmake-3.13.3/Atos_7__x86_64/system/default/bin/cmake -E cmake_link_script CMakeFiles/cmTC_31efd.dir/link.txt --verbose=1
/ccc/products/gcc-9.3.0/system/default/bin/gcc      CMakeFiles/cmTC_31efd.dir/CheckSymbolExists.c.o  -o cmTC_31efd 
CMakeFiles/cmTC_31efd.dir/CheckSymbolExists.c.o:CheckSymbolExists.c:function main: error: undefined reference to 'pthread_create'
collect2: error: ld returned 1 exit status
gmake[1]: *** [cmTC_31efd] Error 1
gmake[1]: Leaving directory `/ccc/work/cont003/mds/guerouda/deisa_v3/DEISA_PHD_FIN/E2/P64_W32_D1_D2022-12-12_14:51:21/CMakeFiles/CMakeTmp'
gmake: *** [cmTC_31efd/fast] Error 2

File /ccc/work/cont003/mds/guerouda/deisa_v3/DEISA_PHD_FIN/E2/P64_W32_D1_D2022-12-12_14:51:21/CMakeFiles/CMakeTmp/CheckSymbolExists.c:
/* */
#include <pthread.h>

int main(int argc, char** argv)
{
  (void)argv;
#ifndef pthread_create
  return ((int*)(&pthread_create))[argc];
#else
  (void)argc;
  return 0;
#endif
}

Determining if the function pthread_create exists in the pthreads failed with the following output:
Change Dir: /ccc/work/cont003/mds/guerouda/deisa_v3/DEISA_PHD_FIN/E2/P64_W32_D1_D2022-12-12_14:51:21/CMakeFiles/CMakeTmp

Run Build Command:"/usr/bin/gmake" "cmTC_b278b/fast"
/usr/bin/gmake -f CMakeFiles/cmTC_b278b.dir/build.make CMakeFiles/cmTC_b278b.dir/build
gmake[1]: Entering directory `/ccc/work/cont003/mds/guerouda/deisa_v3/DEISA_PHD_FIN/E2/P64_W32_D1_D2022-12-12_14:51:21/CMakeFiles/CMakeTmp'
Building C object CMakeFiles/cmTC_b278b.dir/CheckFunctionExists.c.o
/ccc/products/gcc-9.3.0/system/default/bin/gcc   -DCHECK_FUNCTION_EXISTS=pthread_create   -o CMakeFiles/cmTC_b278b.dir/CheckFunctionExists.c.o   -c /ccc/products2/cmake-3.13.3/Atos_7__x86_64/system/default/share/cmake-3.13/Modules/CheckFunctionExists.c
Linking C executable cmTC_b278b
/ccc/products2/cmake-3.13.3/Atos_7__x86_64/system/default/bin/cmake -E cmake_link_script CMakeFiles/cmTC_b278b.dir/link.txt --verbose=1
/ccc/products/gcc-9.3.0/system/default/bin/gcc  -DCHECK_FUNCTION_EXISTS=pthread_create    CMakeFiles/cmTC_b278b.dir/CheckFunctionExists.c.o  -o cmTC_b278b -lpthreads 
/ccc/work/cont003/gen2224/gen2224/spack/var/spack/environments/gysela-deisa-irene-skl-draft/.spack-env/view/bin/ld.gold: error: cannot find -lpthreads
CMakeFiles/cmTC_b278b.dir/CheckFunctionExists.c.o:CheckFunctionExists.c:function main: error: undefined reference to 'pthread_create'
collect2: error: ld returned 1 exit status
gmake[1]: *** [cmTC_b278b] Error 1
gmake[1]: Leaving directory `/ccc/work/cont003/mds/guerouda/deisa_v3/DEISA_PHD_FIN/E2/P64_W32_D1_D2022-12-12_14:51:21/CMakeFiles/CMakeTmp'
gmake: *** [cmTC_b278b/fast] Error 2


