Detecting C [-std=c11] compiler features failed to compile with the following output:
Change Dir: /ccc/scratch/cont003/mds/guerouda/DEISA_V3_PHD_IPCA_WCONF_INF/E7/P32_W16_D128_D2023-02-06_14:36:56/CMakeFiles/CMakeTmp

Run Build Command:"/usr/bin/gmake" "cmTC_d30cb/fast"
/usr/bin/gmake -f CMakeFiles/cmTC_d30cb.dir/build.make CMakeFiles/cmTC_d30cb.dir/build
gmake[1]: Entering directory `/ccc/scratch/cont003/mds/guerouda/DEISA_V3_PHD_IPCA_WCONF_INF/E7/P32_W16_D128_D2023-02-06_14:36:56/CMakeFiles/CMakeTmp'
CMakeFiles/cmTC_d30cb.dir/build.make:64: *** target pattern contains no `%'.  Stop.
gmake[1]: Leaving directory `/ccc/scratch/cont003/mds/guerouda/DEISA_V3_PHD_IPCA_WCONF_INF/E7/P32_W16_D128_D2023-02-06_14:36:56/CMakeFiles/CMakeTmp'
gmake: *** [cmTC_d30cb/fast] Error 2



Detecting CXX [-std=c++2a] compiler features failed to compile with the following output:
Change Dir: /ccc/scratch/cont003/mds/guerouda/DEISA_V3_PHD_IPCA_WCONF_INF/E7/P32_W16_D128_D2023-02-06_14:36:56/CMakeFiles/CMakeTmp

Run Build Command:"/usr/bin/gmake" "cmTC_1aa19/fast"
/usr/bin/gmake -f CMakeFiles/cmTC_1aa19.dir/build.make CMakeFiles/cmTC_1aa19.dir/build
gmake[1]: Entering directory `/ccc/scratch/cont003/mds/guerouda/DEISA_V3_PHD_IPCA_WCONF_INF/E7/P32_W16_D128_D2023-02-06_14:36:56/CMakeFiles/CMakeTmp'
CMakeFiles/cmTC_1aa19.dir/build.make:64: *** target pattern contains no `%'.  Stop.
gmake[1]: Leaving directory `/ccc/scratch/cont003/mds/guerouda/DEISA_V3_PHD_IPCA_WCONF_INF/E7/P32_W16_D128_D2023-02-06_14:36:56/CMakeFiles/CMakeTmp'
gmake: *** [cmTC_1aa19/fast] Error 2



Determining if the pthread_create exist failed with the following output:
Change Dir: /ccc/scratch/cont003/mds/guerouda/DEISA_V3_PHD_IPCA_WCONF_INF/E7/P32_W16_D128_D2023-02-06_14:36:56/CMakeFiles/CMakeTmp

Run Build Command:"/usr/bin/gmake" "cmTC_6c72a/fast"
/usr/bin/gmake -f CMakeFiles/cmTC_6c72a.dir/build.make CMakeFiles/cmTC_6c72a.dir/build
gmake[1]: Entering directory `/ccc/scratch/cont003/mds/guerouda/DEISA_V3_PHD_IPCA_WCONF_INF/E7/P32_W16_D128_D2023-02-06_14:36:56/CMakeFiles/CMakeTmp'
Building C object CMakeFiles/cmTC_6c72a.dir/CheckSymbolExists.c.o
/ccc/products/gcc-9.3.0/system/default/bin/gcc    -o CMakeFiles/cmTC_6c72a.dir/CheckSymbolExists.c.o   -c /ccc/scratch/cont003/mds/guerouda/DEISA_V3_PHD_IPCA_WCONF_INF/E7/P32_W16_D128_D2023-02-06_14:36:56/CMakeFiles/CMakeTmp/CheckSymbolExists.c
Linking C executable cmTC_6c72a
/ccc/products2/cmake-3.13.3/Atos_7__x86_64/system/default/bin/cmake -E cmake_link_script CMakeFiles/cmTC_6c72a.dir/link.txt --verbose=1
/ccc/products/gcc-9.3.0/system/default/bin/gcc      CMakeFiles/cmTC_6c72a.dir/CheckSymbolExists.c.o  -o cmTC_6c72a 
CMakeFiles/cmTC_6c72a.dir/CheckSymbolExists.c.o:CheckSymbolExists.c:function main: error: undefined reference to 'pthread_create'
collect2: error: ld returned 1 exit status
gmake[1]: *** [cmTC_6c72a] Error 1
gmake[1]: Leaving directory `/ccc/scratch/cont003/mds/guerouda/DEISA_V3_PHD_IPCA_WCONF_INF/E7/P32_W16_D128_D2023-02-06_14:36:56/CMakeFiles/CMakeTmp'
gmake: *** [cmTC_6c72a/fast] Error 2

File /ccc/scratch/cont003/mds/guerouda/DEISA_V3_PHD_IPCA_WCONF_INF/E7/P32_W16_D128_D2023-02-06_14:36:56/CMakeFiles/CMakeTmp/CheckSymbolExists.c:
/* */
#include <pthread.h>

int main(int argc, char** argv)
{
  (void)argv;
#ifndef pthread_create
  return ((int*)(&pthread_create))[argc];
#else
  (void)argc;
  return 0;
#endif
}

Determining if the function pthread_create exists in the pthreads failed with the following output:
Change Dir: /ccc/scratch/cont003/mds/guerouda/DEISA_V3_PHD_IPCA_WCONF_INF/E7/P32_W16_D128_D2023-02-06_14:36:56/CMakeFiles/CMakeTmp

Run Build Command:"/usr/bin/gmake" "cmTC_55161/fast"
/usr/bin/gmake -f CMakeFiles/cmTC_55161.dir/build.make CMakeFiles/cmTC_55161.dir/build
gmake[1]: Entering directory `/ccc/scratch/cont003/mds/guerouda/DEISA_V3_PHD_IPCA_WCONF_INF/E7/P32_W16_D128_D2023-02-06_14:36:56/CMakeFiles/CMakeTmp'
Building C object CMakeFiles/cmTC_55161.dir/CheckFunctionExists.c.o
/ccc/products/gcc-9.3.0/system/default/bin/gcc   -DCHECK_FUNCTION_EXISTS=pthread_create   -o CMakeFiles/cmTC_55161.dir/CheckFunctionExists.c.o   -c /ccc/products2/cmake-3.13.3/Atos_7__x86_64/system/default/share/cmake-3.13/Modules/CheckFunctionExists.c
Linking C executable cmTC_55161
/ccc/products2/cmake-3.13.3/Atos_7__x86_64/system/default/bin/cmake -E cmake_link_script CMakeFiles/cmTC_55161.dir/link.txt --verbose=1
/ccc/products/gcc-9.3.0/system/default/bin/gcc  -DCHECK_FUNCTION_EXISTS=pthread_create    CMakeFiles/cmTC_55161.dir/CheckFunctionExists.c.o  -o cmTC_55161 -lpthreads 
/ccc/work/cont003/gen2224/gen2224/spack/var/spack/environments/gysela-deisa-irene-skl-draft/.spack-env/view/bin/ld.gold: error: cannot find -lpthreads
CMakeFiles/cmTC_55161.dir/CheckFunctionExists.c.o:CheckFunctionExists.c:function main: error: undefined reference to 'pthread_create'
collect2: error: ld returned 1 exit status
gmake[1]: *** [cmTC_55161] Error 1
gmake[1]: Leaving directory `/ccc/scratch/cont003/mds/guerouda/DEISA_V3_PHD_IPCA_WCONF_INF/E7/P32_W16_D128_D2023-02-06_14:36:56/CMakeFiles/CMakeTmp'
gmake: *** [cmTC_55161/fast] Error 2


