Detecting C [-std=c11] compiler features failed to compile with the following output:
Change Dir: /ccc/scratch/cont003/mds/guerouda/DEISA_V2_DERIVATIVE_WCONFIG_OMP_HEART_PERF/E1/P64_W32_D128_D2023-03-01_14:12:41/CMakeFiles/CMakeTmp

Run Build Command:"/usr/bin/gmake" "cmTC_018c1/fast"
/usr/bin/gmake -f CMakeFiles/cmTC_018c1.dir/build.make CMakeFiles/cmTC_018c1.dir/build
gmake[1]: Entering directory `/ccc/scratch/cont003/mds/guerouda/DEISA_V2_DERIVATIVE_WCONFIG_OMP_HEART_PERF/E1/P64_W32_D128_D2023-03-01_14:12:41/CMakeFiles/CMakeTmp'
CMakeFiles/cmTC_018c1.dir/build.make:64: *** target pattern contains no `%'.  Stop.
gmake[1]: Leaving directory `/ccc/scratch/cont003/mds/guerouda/DEISA_V2_DERIVATIVE_WCONFIG_OMP_HEART_PERF/E1/P64_W32_D128_D2023-03-01_14:12:41/CMakeFiles/CMakeTmp'
gmake: *** [cmTC_018c1/fast] Error 2



Detecting CXX [-std=c++2a] compiler features failed to compile with the following output:
Change Dir: /ccc/scratch/cont003/mds/guerouda/DEISA_V2_DERIVATIVE_WCONFIG_OMP_HEART_PERF/E1/P64_W32_D128_D2023-03-01_14:12:41/CMakeFiles/CMakeTmp

Run Build Command:"/usr/bin/gmake" "cmTC_0c687/fast"
/usr/bin/gmake -f CMakeFiles/cmTC_0c687.dir/build.make CMakeFiles/cmTC_0c687.dir/build
gmake[1]: Entering directory `/ccc/scratch/cont003/mds/guerouda/DEISA_V2_DERIVATIVE_WCONFIG_OMP_HEART_PERF/E1/P64_W32_D128_D2023-03-01_14:12:41/CMakeFiles/CMakeTmp'
CMakeFiles/cmTC_0c687.dir/build.make:64: *** target pattern contains no `%'.  Stop.
gmake[1]: Leaving directory `/ccc/scratch/cont003/mds/guerouda/DEISA_V2_DERIVATIVE_WCONFIG_OMP_HEART_PERF/E1/P64_W32_D128_D2023-03-01_14:12:41/CMakeFiles/CMakeTmp'
gmake: *** [cmTC_0c687/fast] Error 2



Determining if the pthread_create exist failed with the following output:
Change Dir: /ccc/scratch/cont003/mds/guerouda/DEISA_V2_DERIVATIVE_WCONFIG_OMP_HEART_PERF/E1/P64_W32_D128_D2023-03-01_14:12:41/CMakeFiles/CMakeTmp

Run Build Command:"/usr/bin/gmake" "cmTC_60144/fast"
/usr/bin/gmake -f CMakeFiles/cmTC_60144.dir/build.make CMakeFiles/cmTC_60144.dir/build
gmake[1]: Entering directory `/ccc/scratch/cont003/mds/guerouda/DEISA_V2_DERIVATIVE_WCONFIG_OMP_HEART_PERF/E1/P64_W32_D128_D2023-03-01_14:12:41/CMakeFiles/CMakeTmp'
Building C object CMakeFiles/cmTC_60144.dir/CheckSymbolExists.c.o
/ccc/products/gcc-9.3.0/system/default/bin/gcc    -o CMakeFiles/cmTC_60144.dir/CheckSymbolExists.c.o   -c /ccc/scratch/cont003/mds/guerouda/DEISA_V2_DERIVATIVE_WCONFIG_OMP_HEART_PERF/E1/P64_W32_D128_D2023-03-01_14:12:41/CMakeFiles/CMakeTmp/CheckSymbolExists.c
Linking C executable cmTC_60144
/ccc/products2/cmake-3.13.3/Atos_7__x86_64/system/default/bin/cmake -E cmake_link_script CMakeFiles/cmTC_60144.dir/link.txt --verbose=1
/ccc/products/gcc-9.3.0/system/default/bin/gcc      CMakeFiles/cmTC_60144.dir/CheckSymbolExists.c.o  -o cmTC_60144 
CMakeFiles/cmTC_60144.dir/CheckSymbolExists.c.o:CheckSymbolExists.c:function main: error: undefined reference to 'pthread_create'
collect2: error: ld returned 1 exit status
gmake[1]: *** [cmTC_60144] Error 1
gmake[1]: Leaving directory `/ccc/scratch/cont003/mds/guerouda/DEISA_V2_DERIVATIVE_WCONFIG_OMP_HEART_PERF/E1/P64_W32_D128_D2023-03-01_14:12:41/CMakeFiles/CMakeTmp'
gmake: *** [cmTC_60144/fast] Error 2

File /ccc/scratch/cont003/mds/guerouda/DEISA_V2_DERIVATIVE_WCONFIG_OMP_HEART_PERF/E1/P64_W32_D128_D2023-03-01_14:12:41/CMakeFiles/CMakeTmp/CheckSymbolExists.c:
/* */
#include <pthread.h>

int main(int argc, char** argv)
{
  (void)argv;
#ifndef pthread_create
  return ((int*)(&pthread_create))[argc];
#else
  (void)argc;
  return 0;
#endif
}

Determining if the function pthread_create exists in the pthreads failed with the following output:
Change Dir: /ccc/scratch/cont003/mds/guerouda/DEISA_V2_DERIVATIVE_WCONFIG_OMP_HEART_PERF/E1/P64_W32_D128_D2023-03-01_14:12:41/CMakeFiles/CMakeTmp

Run Build Command:"/usr/bin/gmake" "cmTC_8109a/fast"
/usr/bin/gmake -f CMakeFiles/cmTC_8109a.dir/build.make CMakeFiles/cmTC_8109a.dir/build
gmake[1]: Entering directory `/ccc/scratch/cont003/mds/guerouda/DEISA_V2_DERIVATIVE_WCONFIG_OMP_HEART_PERF/E1/P64_W32_D128_D2023-03-01_14:12:41/CMakeFiles/CMakeTmp'
Building C object CMakeFiles/cmTC_8109a.dir/CheckFunctionExists.c.o
/ccc/products/gcc-9.3.0/system/default/bin/gcc   -DCHECK_FUNCTION_EXISTS=pthread_create   -o CMakeFiles/cmTC_8109a.dir/CheckFunctionExists.c.o   -c /ccc/products2/cmake-3.13.3/Atos_7__x86_64/system/default/share/cmake-3.13/Modules/CheckFunctionExists.c
Linking C executable cmTC_8109a
/ccc/products2/cmake-3.13.3/Atos_7__x86_64/system/default/bin/cmake -E cmake_link_script CMakeFiles/cmTC_8109a.dir/link.txt --verbose=1
/ccc/products/gcc-9.3.0/system/default/bin/gcc  -DCHECK_FUNCTION_EXISTS=pthread_create    CMakeFiles/cmTC_8109a.dir/CheckFunctionExists.c.o  -o cmTC_8109a -lpthreads 
/ccc/work/cont003/gen2224/gen2224/spack/var/spack/environments/gysela-deisa-irene-skl-draft/.spack-env/view/bin/ld.gold: error: cannot find -lpthreads
CMakeFiles/cmTC_8109a.dir/CheckFunctionExists.c.o:CheckFunctionExists.c:function main: error: undefined reference to 'pthread_create'
collect2: error: ld returned 1 exit status
gmake[1]: *** [cmTC_8109a] Error 1
gmake[1]: Leaving directory `/ccc/scratch/cont003/mds/guerouda/DEISA_V2_DERIVATIVE_WCONFIG_OMP_HEART_PERF/E1/P64_W32_D128_D2023-03-01_14:12:41/CMakeFiles/CMakeTmp'
gmake: *** [cmTC_8109a/fast] Error 2


