Detecting C [-std=c11] compiler features failed to compile with the following output:
Change Dir: /ccc/work/cont003/mds/guerouda/deisa_v1/DEISA1_PHD_IPCA/E3P32_W16_D512_D2022-12-13_12:15:10/CMakeFiles/CMakeTmp

Run Build Command:"/usr/bin/gmake" "cmTC_3505f/fast"
/usr/bin/gmake -f CMakeFiles/cmTC_3505f.dir/build.make CMakeFiles/cmTC_3505f.dir/build
gmake[1]: Entering directory `/ccc/work/cont003/mds/guerouda/deisa_v1/DEISA1_PHD_IPCA/E3P32_W16_D512_D2022-12-13_12:15:10/CMakeFiles/CMakeTmp'
CMakeFiles/cmTC_3505f.dir/build.make:64: *** target pattern contains no `%'.  Stop.
gmake[1]: Leaving directory `/ccc/work/cont003/mds/guerouda/deisa_v1/DEISA1_PHD_IPCA/E3P32_W16_D512_D2022-12-13_12:15:10/CMakeFiles/CMakeTmp'
gmake: *** [cmTC_3505f/fast] Error 2



Detecting CXX [-std=c++2a] compiler features failed to compile with the following output:
Change Dir: /ccc/work/cont003/mds/guerouda/deisa_v1/DEISA1_PHD_IPCA/E3P32_W16_D512_D2022-12-13_12:15:10/CMakeFiles/CMakeTmp

Run Build Command:"/usr/bin/gmake" "cmTC_27c7c/fast"
/usr/bin/gmake -f CMakeFiles/cmTC_27c7c.dir/build.make CMakeFiles/cmTC_27c7c.dir/build
gmake[1]: Entering directory `/ccc/work/cont003/mds/guerouda/deisa_v1/DEISA1_PHD_IPCA/E3P32_W16_D512_D2022-12-13_12:15:10/CMakeFiles/CMakeTmp'
CMakeFiles/cmTC_27c7c.dir/build.make:64: *** target pattern contains no `%'.  Stop.
gmake[1]: Leaving directory `/ccc/work/cont003/mds/guerouda/deisa_v1/DEISA1_PHD_IPCA/E3P32_W16_D512_D2022-12-13_12:15:10/CMakeFiles/CMakeTmp'
gmake: *** [cmTC_27c7c/fast] Error 2



Determining if the pthread_create exist failed with the following output:
Change Dir: /ccc/work/cont003/mds/guerouda/deisa_v1/DEISA1_PHD_IPCA/E3P32_W16_D512_D2022-12-13_12:15:10/CMakeFiles/CMakeTmp

Run Build Command:"/usr/bin/gmake" "cmTC_df27e/fast"
/usr/bin/gmake -f CMakeFiles/cmTC_df27e.dir/build.make CMakeFiles/cmTC_df27e.dir/build
gmake[1]: Entering directory `/ccc/work/cont003/mds/guerouda/deisa_v1/DEISA1_PHD_IPCA/E3P32_W16_D512_D2022-12-13_12:15:10/CMakeFiles/CMakeTmp'
Building C object CMakeFiles/cmTC_df27e.dir/CheckSymbolExists.c.o
/ccc/products/gcc-9.3.0/system/default/bin/gcc    -o CMakeFiles/cmTC_df27e.dir/CheckSymbolExists.c.o   -c /ccc/work/cont003/mds/guerouda/deisa_v1/DEISA1_PHD_IPCA/E3P32_W16_D512_D2022-12-13_12:15:10/CMakeFiles/CMakeTmp/CheckSymbolExists.c
Linking C executable cmTC_df27e
/ccc/products2/cmake-3.13.3/Atos_7__x86_64/system/default/bin/cmake -E cmake_link_script CMakeFiles/cmTC_df27e.dir/link.txt --verbose=1
/ccc/products/gcc-9.3.0/system/default/bin/gcc      CMakeFiles/cmTC_df27e.dir/CheckSymbolExists.c.o  -o cmTC_df27e 
CMakeFiles/cmTC_df27e.dir/CheckSymbolExists.c.o:CheckSymbolExists.c:function main: error: undefined reference to 'pthread_create'
collect2: error: ld returned 1 exit status
gmake[1]: *** [cmTC_df27e] Error 1
gmake[1]: Leaving directory `/ccc/work/cont003/mds/guerouda/deisa_v1/DEISA1_PHD_IPCA/E3P32_W16_D512_D2022-12-13_12:15:10/CMakeFiles/CMakeTmp'
gmake: *** [cmTC_df27e/fast] Error 2

File /ccc/work/cont003/mds/guerouda/deisa_v1/DEISA1_PHD_IPCA/E3P32_W16_D512_D2022-12-13_12:15:10/CMakeFiles/CMakeTmp/CheckSymbolExists.c:
/* */
#include <pthread.h>

int main(int argc, char** argv)
{
  (void)argv;
#ifndef pthread_create
  return ((int*)(&pthread_create))[argc];
#else
  (void)argc;
  return 0;
#endif
}

Determining if the function pthread_create exists in the pthreads failed with the following output:
Change Dir: /ccc/work/cont003/mds/guerouda/deisa_v1/DEISA1_PHD_IPCA/E3P32_W16_D512_D2022-12-13_12:15:10/CMakeFiles/CMakeTmp

Run Build Command:"/usr/bin/gmake" "cmTC_ca666/fast"
/usr/bin/gmake -f CMakeFiles/cmTC_ca666.dir/build.make CMakeFiles/cmTC_ca666.dir/build
gmake[1]: Entering directory `/ccc/work/cont003/mds/guerouda/deisa_v1/DEISA1_PHD_IPCA/E3P32_W16_D512_D2022-12-13_12:15:10/CMakeFiles/CMakeTmp'
Building C object CMakeFiles/cmTC_ca666.dir/CheckFunctionExists.c.o
/ccc/products/gcc-9.3.0/system/default/bin/gcc   -DCHECK_FUNCTION_EXISTS=pthread_create   -o CMakeFiles/cmTC_ca666.dir/CheckFunctionExists.c.o   -c /ccc/products2/cmake-3.13.3/Atos_7__x86_64/system/default/share/cmake-3.13/Modules/CheckFunctionExists.c
Linking C executable cmTC_ca666
/ccc/products2/cmake-3.13.3/Atos_7__x86_64/system/default/bin/cmake -E cmake_link_script CMakeFiles/cmTC_ca666.dir/link.txt --verbose=1
/ccc/products/gcc-9.3.0/system/default/bin/gcc  -DCHECK_FUNCTION_EXISTS=pthread_create    CMakeFiles/cmTC_ca666.dir/CheckFunctionExists.c.o  -o cmTC_ca666 -lpthreads 
/ccc/work/cont003/gen2224/gen2224/spack/var/spack/environments/gysela-deisa-irene-skl-draft/.spack-env/view/bin/ld.gold: error: cannot find -lpthreads
CMakeFiles/cmTC_ca666.dir/CheckFunctionExists.c.o:CheckFunctionExists.c:function main: error: undefined reference to 'pthread_create'
collect2: error: ld returned 1 exit status
gmake[1]: *** [cmTC_ca666] Error 1
gmake[1]: Leaving directory `/ccc/work/cont003/mds/guerouda/deisa_v1/DEISA1_PHD_IPCA/E3P32_W16_D512_D2022-12-13_12:15:10/CMakeFiles/CMakeTmp'
gmake: *** [cmTC_ca666/fast] Error 2


