Detecting C [-std=c11] compiler features failed to compile with the following output:
Change Dir: /ccc/scratch/cont003/mds/guerouda/DEISA_V2_DERIVATIVE_WCONFIG_OMP_HEART_PERF/E1/P8_W4_D512_D2023-03-01_14:11:34/CMakeFiles/CMakeTmp

Run Build Command:"/usr/bin/gmake" "cmTC_ba91c/fast"
/usr/bin/gmake -f CMakeFiles/cmTC_ba91c.dir/build.make CMakeFiles/cmTC_ba91c.dir/build
gmake[1]: Entering directory `/ccc/scratch/cont003/mds/guerouda/DEISA_V2_DERIVATIVE_WCONFIG_OMP_HEART_PERF/E1/P8_W4_D512_D2023-03-01_14:11:34/CMakeFiles/CMakeTmp'
CMakeFiles/cmTC_ba91c.dir/build.make:64: *** target pattern contains no `%'.  Stop.
gmake[1]: Leaving directory `/ccc/scratch/cont003/mds/guerouda/DEISA_V2_DERIVATIVE_WCONFIG_OMP_HEART_PERF/E1/P8_W4_D512_D2023-03-01_14:11:34/CMakeFiles/CMakeTmp'
gmake: *** [cmTC_ba91c/fast] Error 2



Detecting CXX [-std=c++2a] compiler features failed to compile with the following output:
Change Dir: /ccc/scratch/cont003/mds/guerouda/DEISA_V2_DERIVATIVE_WCONFIG_OMP_HEART_PERF/E1/P8_W4_D512_D2023-03-01_14:11:34/CMakeFiles/CMakeTmp

Run Build Command:"/usr/bin/gmake" "cmTC_e12fa/fast"
/usr/bin/gmake -f CMakeFiles/cmTC_e12fa.dir/build.make CMakeFiles/cmTC_e12fa.dir/build
gmake[1]: Entering directory `/ccc/scratch/cont003/mds/guerouda/DEISA_V2_DERIVATIVE_WCONFIG_OMP_HEART_PERF/E1/P8_W4_D512_D2023-03-01_14:11:34/CMakeFiles/CMakeTmp'
CMakeFiles/cmTC_e12fa.dir/build.make:64: *** target pattern contains no `%'.  Stop.
gmake[1]: Leaving directory `/ccc/scratch/cont003/mds/guerouda/DEISA_V2_DERIVATIVE_WCONFIG_OMP_HEART_PERF/E1/P8_W4_D512_D2023-03-01_14:11:34/CMakeFiles/CMakeTmp'
gmake: *** [cmTC_e12fa/fast] Error 2



Determining if the pthread_create exist failed with the following output:
Change Dir: /ccc/scratch/cont003/mds/guerouda/DEISA_V2_DERIVATIVE_WCONFIG_OMP_HEART_PERF/E1/P8_W4_D512_D2023-03-01_14:11:34/CMakeFiles/CMakeTmp

Run Build Command:"/usr/bin/gmake" "cmTC_44763/fast"
/usr/bin/gmake -f CMakeFiles/cmTC_44763.dir/build.make CMakeFiles/cmTC_44763.dir/build
gmake[1]: Entering directory `/ccc/scratch/cont003/mds/guerouda/DEISA_V2_DERIVATIVE_WCONFIG_OMP_HEART_PERF/E1/P8_W4_D512_D2023-03-01_14:11:34/CMakeFiles/CMakeTmp'
Building C object CMakeFiles/cmTC_44763.dir/CheckSymbolExists.c.o
/ccc/products/gcc-9.3.0/system/default/bin/gcc    -o CMakeFiles/cmTC_44763.dir/CheckSymbolExists.c.o   -c /ccc/scratch/cont003/mds/guerouda/DEISA_V2_DERIVATIVE_WCONFIG_OMP_HEART_PERF/E1/P8_W4_D512_D2023-03-01_14:11:34/CMakeFiles/CMakeTmp/CheckSymbolExists.c
Linking C executable cmTC_44763
/ccc/products2/cmake-3.13.3/Atos_7__x86_64/system/default/bin/cmake -E cmake_link_script CMakeFiles/cmTC_44763.dir/link.txt --verbose=1
/ccc/products/gcc-9.3.0/system/default/bin/gcc      CMakeFiles/cmTC_44763.dir/CheckSymbolExists.c.o  -o cmTC_44763 
CMakeFiles/cmTC_44763.dir/CheckSymbolExists.c.o:CheckSymbolExists.c:function main: error: undefined reference to 'pthread_create'
collect2: error: ld returned 1 exit status
gmake[1]: *** [cmTC_44763] Error 1
gmake[1]: Leaving directory `/ccc/scratch/cont003/mds/guerouda/DEISA_V2_DERIVATIVE_WCONFIG_OMP_HEART_PERF/E1/P8_W4_D512_D2023-03-01_14:11:34/CMakeFiles/CMakeTmp'
gmake: *** [cmTC_44763/fast] Error 2

File /ccc/scratch/cont003/mds/guerouda/DEISA_V2_DERIVATIVE_WCONFIG_OMP_HEART_PERF/E1/P8_W4_D512_D2023-03-01_14:11:34/CMakeFiles/CMakeTmp/CheckSymbolExists.c:
/* */
#include <pthread.h>

int main(int argc, char** argv)
{
  (void)argv;
#ifndef pthread_create
  return ((int*)(&pthread_create))[argc];
#else
  (void)argc;
  return 0;
#endif
}

Determining if the function pthread_create exists in the pthreads failed with the following output:
Change Dir: /ccc/scratch/cont003/mds/guerouda/DEISA_V2_DERIVATIVE_WCONFIG_OMP_HEART_PERF/E1/P8_W4_D512_D2023-03-01_14:11:34/CMakeFiles/CMakeTmp

Run Build Command:"/usr/bin/gmake" "cmTC_52d9c/fast"
/usr/bin/gmake -f CMakeFiles/cmTC_52d9c.dir/build.make CMakeFiles/cmTC_52d9c.dir/build
gmake[1]: Entering directory `/ccc/scratch/cont003/mds/guerouda/DEISA_V2_DERIVATIVE_WCONFIG_OMP_HEART_PERF/E1/P8_W4_D512_D2023-03-01_14:11:34/CMakeFiles/CMakeTmp'
Building C object CMakeFiles/cmTC_52d9c.dir/CheckFunctionExists.c.o
/ccc/products/gcc-9.3.0/system/default/bin/gcc   -DCHECK_FUNCTION_EXISTS=pthread_create   -o CMakeFiles/cmTC_52d9c.dir/CheckFunctionExists.c.o   -c /ccc/products2/cmake-3.13.3/Atos_7__x86_64/system/default/share/cmake-3.13/Modules/CheckFunctionExists.c
Linking C executable cmTC_52d9c
/ccc/products2/cmake-3.13.3/Atos_7__x86_64/system/default/bin/cmake -E cmake_link_script CMakeFiles/cmTC_52d9c.dir/link.txt --verbose=1
/ccc/products/gcc-9.3.0/system/default/bin/gcc  -DCHECK_FUNCTION_EXISTS=pthread_create    CMakeFiles/cmTC_52d9c.dir/CheckFunctionExists.c.o  -o cmTC_52d9c -lpthreads 
/ccc/work/cont003/gen2224/gen2224/spack/var/spack/environments/gysela-deisa-irene-skl-draft/.spack-env/view/bin/ld.gold: error: cannot find -lpthreads
CMakeFiles/cmTC_52d9c.dir/CheckFunctionExists.c.o:CheckFunctionExists.c:function main: error: undefined reference to 'pthread_create'
collect2: error: ld returned 1 exit status
gmake[1]: *** [cmTC_52d9c] Error 1
gmake[1]: Leaving directory `/ccc/scratch/cont003/mds/guerouda/DEISA_V2_DERIVATIVE_WCONFIG_OMP_HEART_PERF/E1/P8_W4_D512_D2023-03-01_14:11:34/CMakeFiles/CMakeTmp'
gmake: *** [cmTC_52d9c/fast] Error 2


