Detecting C [-std=c11] compiler features failed to compile with the following output:
Change Dir: /ccc/scratch/cont003/mds/guerouda/DASK_PHD_FIN/E3_P16_W8_D512_D2022-12-12_17:09:12/CMakeFiles/CMakeTmp

Run Build Command:"/usr/bin/gmake" "cmTC_71d2a/fast"
/usr/bin/gmake -f CMakeFiles/cmTC_71d2a.dir/build.make CMakeFiles/cmTC_71d2a.dir/build
gmake[1]: Entering directory `/ccc/scratch/cont003/mds/guerouda/DASK_PHD_FIN/E3_P16_W8_D512_D2022-12-12_17:09:12/CMakeFiles/CMakeTmp'
CMakeFiles/cmTC_71d2a.dir/build.make:64: *** target pattern contains no `%'.  Stop.
gmake[1]: Leaving directory `/ccc/scratch/cont003/mds/guerouda/DASK_PHD_FIN/E3_P16_W8_D512_D2022-12-12_17:09:12/CMakeFiles/CMakeTmp'
gmake: *** [cmTC_71d2a/fast] Error 2



Detecting CXX [-std=c++2a] compiler features failed to compile with the following output:
Change Dir: /ccc/scratch/cont003/mds/guerouda/DASK_PHD_FIN/E3_P16_W8_D512_D2022-12-12_17:09:12/CMakeFiles/CMakeTmp

Run Build Command:"/usr/bin/gmake" "cmTC_d4905/fast"
/usr/bin/gmake -f CMakeFiles/cmTC_d4905.dir/build.make CMakeFiles/cmTC_d4905.dir/build
gmake[1]: Entering directory `/ccc/scratch/cont003/mds/guerouda/DASK_PHD_FIN/E3_P16_W8_D512_D2022-12-12_17:09:12/CMakeFiles/CMakeTmp'
CMakeFiles/cmTC_d4905.dir/build.make:64: *** target pattern contains no `%'.  Stop.
gmake[1]: Leaving directory `/ccc/scratch/cont003/mds/guerouda/DASK_PHD_FIN/E3_P16_W8_D512_D2022-12-12_17:09:12/CMakeFiles/CMakeTmp'
gmake: *** [cmTC_d4905/fast] Error 2



Determining if the pthread_create exist failed with the following output:
Change Dir: /ccc/scratch/cont003/mds/guerouda/DASK_PHD_FIN/E3_P16_W8_D512_D2022-12-12_17:09:12/CMakeFiles/CMakeTmp

Run Build Command:"/usr/bin/gmake" "cmTC_c08eb/fast"
/usr/bin/gmake -f CMakeFiles/cmTC_c08eb.dir/build.make CMakeFiles/cmTC_c08eb.dir/build
gmake[1]: Entering directory `/ccc/scratch/cont003/mds/guerouda/DASK_PHD_FIN/E3_P16_W8_D512_D2022-12-12_17:09:12/CMakeFiles/CMakeTmp'
Building C object CMakeFiles/cmTC_c08eb.dir/CheckSymbolExists.c.o
/ccc/products/gcc-9.3.0/system/default/bin/gcc    -o CMakeFiles/cmTC_c08eb.dir/CheckSymbolExists.c.o   -c /ccc/scratch/cont003/mds/guerouda/DASK_PHD_FIN/E3_P16_W8_D512_D2022-12-12_17:09:12/CMakeFiles/CMakeTmp/CheckSymbolExists.c
Linking C executable cmTC_c08eb
/ccc/products2/cmake-3.13.3/Atos_7__x86_64/system/default/bin/cmake -E cmake_link_script CMakeFiles/cmTC_c08eb.dir/link.txt --verbose=1
/ccc/products/gcc-9.3.0/system/default/bin/gcc      CMakeFiles/cmTC_c08eb.dir/CheckSymbolExists.c.o  -o cmTC_c08eb 
CMakeFiles/cmTC_c08eb.dir/CheckSymbolExists.c.o:CheckSymbolExists.c:function main: error: undefined reference to 'pthread_create'
collect2: error: ld returned 1 exit status
gmake[1]: *** [cmTC_c08eb] Error 1
gmake[1]: Leaving directory `/ccc/scratch/cont003/mds/guerouda/DASK_PHD_FIN/E3_P16_W8_D512_D2022-12-12_17:09:12/CMakeFiles/CMakeTmp'
gmake: *** [cmTC_c08eb/fast] Error 2

File /ccc/scratch/cont003/mds/guerouda/DASK_PHD_FIN/E3_P16_W8_D512_D2022-12-12_17:09:12/CMakeFiles/CMakeTmp/CheckSymbolExists.c:
/* */
#include <pthread.h>

int main(int argc, char** argv)
{
  (void)argv;
#ifndef pthread_create
  return ((int*)(&pthread_create))[argc];
#else
  (void)argc;
  return 0;
#endif
}

Determining if the function pthread_create exists in the pthreads failed with the following output:
Change Dir: /ccc/scratch/cont003/mds/guerouda/DASK_PHD_FIN/E3_P16_W8_D512_D2022-12-12_17:09:12/CMakeFiles/CMakeTmp

Run Build Command:"/usr/bin/gmake" "cmTC_07164/fast"
/usr/bin/gmake -f CMakeFiles/cmTC_07164.dir/build.make CMakeFiles/cmTC_07164.dir/build
gmake[1]: Entering directory `/ccc/scratch/cont003/mds/guerouda/DASK_PHD_FIN/E3_P16_W8_D512_D2022-12-12_17:09:12/CMakeFiles/CMakeTmp'
Building C object CMakeFiles/cmTC_07164.dir/CheckFunctionExists.c.o
/ccc/products/gcc-9.3.0/system/default/bin/gcc   -DCHECK_FUNCTION_EXISTS=pthread_create   -o CMakeFiles/cmTC_07164.dir/CheckFunctionExists.c.o   -c /ccc/products2/cmake-3.13.3/Atos_7__x86_64/system/default/share/cmake-3.13/Modules/CheckFunctionExists.c
Linking C executable cmTC_07164
/ccc/products2/cmake-3.13.3/Atos_7__x86_64/system/default/bin/cmake -E cmake_link_script CMakeFiles/cmTC_07164.dir/link.txt --verbose=1
/ccc/products/gcc-9.3.0/system/default/bin/gcc  -DCHECK_FUNCTION_EXISTS=pthread_create    CMakeFiles/cmTC_07164.dir/CheckFunctionExists.c.o  -o cmTC_07164 -lpthreads 
/ccc/work/cont003/gen2224/gen2224/spack/var/spack/environments/gysela-deisa-irene-skl-draft/.spack-env/view/bin/ld.gold: error: cannot find -lpthreads
CMakeFiles/cmTC_07164.dir/CheckFunctionExists.c.o:CheckFunctionExists.c:function main: error: undefined reference to 'pthread_create'
collect2: error: ld returned 1 exit status
gmake[1]: *** [cmTC_07164] Error 1
gmake[1]: Leaving directory `/ccc/scratch/cont003/mds/guerouda/DASK_PHD_FIN/E3_P16_W8_D512_D2022-12-12_17:09:12/CMakeFiles/CMakeTmp'
gmake: *** [cmTC_07164/fast] Error 2


