Detecting C [-std=c11] compiler features failed to compile with the following output:
Change Dir: /ccc/scratch/cont003/mds/guerouda/DASK_PHD_FIN/E3_P64_W32_D512_D2022-12-12_17:09:42/CMakeFiles/CMakeTmp

Run Build Command:"/usr/bin/gmake" "cmTC_dd12e/fast"
/usr/bin/gmake -f CMakeFiles/cmTC_dd12e.dir/build.make CMakeFiles/cmTC_dd12e.dir/build
gmake[1]: Entering directory `/ccc/scratch/cont003/mds/guerouda/DASK_PHD_FIN/E3_P64_W32_D512_D2022-12-12_17:09:42/CMakeFiles/CMakeTmp'
CMakeFiles/cmTC_dd12e.dir/build.make:64: *** target pattern contains no `%'.  Stop.
gmake[1]: Leaving directory `/ccc/scratch/cont003/mds/guerouda/DASK_PHD_FIN/E3_P64_W32_D512_D2022-12-12_17:09:42/CMakeFiles/CMakeTmp'
gmake: *** [cmTC_dd12e/fast] Error 2



Detecting CXX [-std=c++2a] compiler features failed to compile with the following output:
Change Dir: /ccc/scratch/cont003/mds/guerouda/DASK_PHD_FIN/E3_P64_W32_D512_D2022-12-12_17:09:42/CMakeFiles/CMakeTmp

Run Build Command:"/usr/bin/gmake" "cmTC_3dca3/fast"
/usr/bin/gmake -f CMakeFiles/cmTC_3dca3.dir/build.make CMakeFiles/cmTC_3dca3.dir/build
gmake[1]: Entering directory `/ccc/scratch/cont003/mds/guerouda/DASK_PHD_FIN/E3_P64_W32_D512_D2022-12-12_17:09:42/CMakeFiles/CMakeTmp'
CMakeFiles/cmTC_3dca3.dir/build.make:64: *** target pattern contains no `%'.  Stop.
gmake[1]: Leaving directory `/ccc/scratch/cont003/mds/guerouda/DASK_PHD_FIN/E3_P64_W32_D512_D2022-12-12_17:09:42/CMakeFiles/CMakeTmp'
gmake: *** [cmTC_3dca3/fast] Error 2



Determining if the pthread_create exist failed with the following output:
Change Dir: /ccc/scratch/cont003/mds/guerouda/DASK_PHD_FIN/E3_P64_W32_D512_D2022-12-12_17:09:42/CMakeFiles/CMakeTmp

Run Build Command:"/usr/bin/gmake" "cmTC_529d4/fast"
/usr/bin/gmake -f CMakeFiles/cmTC_529d4.dir/build.make CMakeFiles/cmTC_529d4.dir/build
gmake[1]: Entering directory `/ccc/scratch/cont003/mds/guerouda/DASK_PHD_FIN/E3_P64_W32_D512_D2022-12-12_17:09:42/CMakeFiles/CMakeTmp'
Building C object CMakeFiles/cmTC_529d4.dir/CheckSymbolExists.c.o
/ccc/products/gcc-9.3.0/system/default/bin/gcc    -o CMakeFiles/cmTC_529d4.dir/CheckSymbolExists.c.o   -c /ccc/scratch/cont003/mds/guerouda/DASK_PHD_FIN/E3_P64_W32_D512_D2022-12-12_17:09:42/CMakeFiles/CMakeTmp/CheckSymbolExists.c
Linking C executable cmTC_529d4
/ccc/products2/cmake-3.13.3/Atos_7__x86_64/system/default/bin/cmake -E cmake_link_script CMakeFiles/cmTC_529d4.dir/link.txt --verbose=1
/ccc/products/gcc-9.3.0/system/default/bin/gcc      CMakeFiles/cmTC_529d4.dir/CheckSymbolExists.c.o  -o cmTC_529d4 
CMakeFiles/cmTC_529d4.dir/CheckSymbolExists.c.o:CheckSymbolExists.c:function main: error: undefined reference to 'pthread_create'
collect2: error: ld returned 1 exit status
gmake[1]: *** [cmTC_529d4] Error 1
gmake[1]: Leaving directory `/ccc/scratch/cont003/mds/guerouda/DASK_PHD_FIN/E3_P64_W32_D512_D2022-12-12_17:09:42/CMakeFiles/CMakeTmp'
gmake: *** [cmTC_529d4/fast] Error 2

File /ccc/scratch/cont003/mds/guerouda/DASK_PHD_FIN/E3_P64_W32_D512_D2022-12-12_17:09:42/CMakeFiles/CMakeTmp/CheckSymbolExists.c:
/* */
#include <pthread.h>

int main(int argc, char** argv)
{
  (void)argv;
#ifndef pthread_create
  return ((int*)(&pthread_create))[argc];
#else
  (void)argc;
  return 0;
#endif
}

Determining if the function pthread_create exists in the pthreads failed with the following output:
Change Dir: /ccc/scratch/cont003/mds/guerouda/DASK_PHD_FIN/E3_P64_W32_D512_D2022-12-12_17:09:42/CMakeFiles/CMakeTmp

Run Build Command:"/usr/bin/gmake" "cmTC_69b36/fast"
/usr/bin/gmake -f CMakeFiles/cmTC_69b36.dir/build.make CMakeFiles/cmTC_69b36.dir/build
gmake[1]: Entering directory `/ccc/scratch/cont003/mds/guerouda/DASK_PHD_FIN/E3_P64_W32_D512_D2022-12-12_17:09:42/CMakeFiles/CMakeTmp'
Building C object CMakeFiles/cmTC_69b36.dir/CheckFunctionExists.c.o
/ccc/products/gcc-9.3.0/system/default/bin/gcc   -DCHECK_FUNCTION_EXISTS=pthread_create   -o CMakeFiles/cmTC_69b36.dir/CheckFunctionExists.c.o   -c /ccc/products2/cmake-3.13.3/Atos_7__x86_64/system/default/share/cmake-3.13/Modules/CheckFunctionExists.c
Linking C executable cmTC_69b36
/ccc/products2/cmake-3.13.3/Atos_7__x86_64/system/default/bin/cmake -E cmake_link_script CMakeFiles/cmTC_69b36.dir/link.txt --verbose=1
/ccc/products/gcc-9.3.0/system/default/bin/gcc  -DCHECK_FUNCTION_EXISTS=pthread_create    CMakeFiles/cmTC_69b36.dir/CheckFunctionExists.c.o  -o cmTC_69b36 -lpthreads 
/ccc/work/cont003/gen2224/gen2224/spack/var/spack/environments/gysela-deisa-irene-skl-draft/.spack-env/view/bin/ld.gold: error: cannot find -lpthreads
CMakeFiles/cmTC_69b36.dir/CheckFunctionExists.c.o:CheckFunctionExists.c:function main: error: undefined reference to 'pthread_create'
collect2: error: ld returned 1 exit status
gmake[1]: *** [cmTC_69b36] Error 1
gmake[1]: Leaving directory `/ccc/scratch/cont003/mds/guerouda/DASK_PHD_FIN/E3_P64_W32_D512_D2022-12-12_17:09:42/CMakeFiles/CMakeTmp'
gmake: *** [cmTC_69b36/fast] Error 2


